{"timestamp":"2025-05-14T02:55:29.877925","level":"info","event":"DAG bundles loaded: dags-folder, example_dags","logger":"airflow.dag_processing.bundles.manager.DagBundlesManager"}
{"timestamp":"2025-05-14T02:55:29.878502","level":"info","event":"Filling up the DagBag from /opt/airflow/dags/weather_pipeline.py","logger":"airflow.models.dagbag.DagBag"}
{"timestamp":"2025-05-14T02:55:31.426212Z","level":"info","event":"Task instance is in running state","chan":"stdout","logger":"task"}
{"timestamp":"2025-05-14T02:55:31.426338Z","level":"info","event":" Previous state of the Task instance: TaskInstanceState.QUEUED","chan":"stdout","logger":"task"}
{"timestamp":"2025-05-14T02:55:31.426381Z","level":"info","event":"Current task name:train_model","chan":"stdout","logger":"task"}
{"timestamp":"2025-05-14T02:55:31.426415Z","level":"info","event":"Dag name:weather_pipeline","chan":"stdout","logger":"task"}
{"timestamp":"2025-05-14T02:55:31.468293Z","level":"error","event":"2025/05/14 02:55:31 WARNING mlflow.utils.git_utils: Failed to import Git (the Git executable is probably not on your PATH), so Git SHA is not available. Error: Failed to initialize: Bad git executable.","chan":"stderr","logger":"task"}
{"timestamp":"2025-05-14T02:55:31.468425Z","level":"error","event":"The git executable must be specified in one of the following ways:","chan":"stderr","logger":"task"}
{"timestamp":"2025-05-14T02:55:31.468465Z","level":"error","event":"    - be included in your $PATH","chan":"stderr","logger":"task"}
{"timestamp":"2025-05-14T02:55:31.468498Z","level":"error","event":"    - be set via $GIT_PYTHON_GIT_EXECUTABLE","chan":"stderr","logger":"task"}
{"timestamp":"2025-05-14T02:55:31.468568Z","level":"error","event":"    - explicitly set via git.refresh(<full-path-to-git-executable>)","chan":"stderr","logger":"task"}
{"timestamp":"2025-05-14T02:55:31.468618Z","level":"error","event":"","chan":"stderr","logger":"task"}
{"timestamp":"2025-05-14T02:55:31.468670Z","level":"error","event":"All git commands will error until this is rectified.","chan":"stderr","logger":"task"}
{"timestamp":"2025-05-14T02:55:31.468718Z","level":"error","event":"","chan":"stderr","logger":"task"}
{"timestamp":"2025-05-14T02:55:31.468790Z","level":"error","event":"This initial message can be silenced or aggravated in the future by setting the","chan":"stderr","logger":"task"}
{"timestamp":"2025-05-14T02:55:31.468846Z","level":"error","event":"$GIT_PYTHON_REFRESH environment variable. Use one of the following values:","chan":"stderr","logger":"task"}
{"timestamp":"2025-05-14T02:55:31.468895Z","level":"error","event":"    - quiet|q|silence|s|silent|none|n|0: for no message or exception","chan":"stderr","logger":"task"}
{"timestamp":"2025-05-14T02:55:31.468941Z","level":"error","event":"    - warn|w|warning|log|l|1: for a warning message (logging level CRITICAL, displayed by default)","chan":"stderr","logger":"task"}
{"timestamp":"2025-05-14T02:55:31.468989Z","level":"error","event":"    - error|e|exception|raise|r|2: for a raised exception","chan":"stderr","logger":"task"}
{"timestamp":"2025-05-14T02:55:31.469034Z","level":"error","event":"","chan":"stderr","logger":"task"}
{"timestamp":"2025-05-14T02:55:31.469080Z","level":"error","event":"Example:","chan":"stderr","logger":"task"}
{"timestamp":"2025-05-14T02:55:31.469125Z","level":"error","event":"    export GIT_PYTHON_REFRESH=quiet","chan":"stderr","logger":"task"}
{"timestamp":"2025-05-14T02:55:31.469172Z","level":"error","event":"","chan":"stderr","logger":"task"}
{"timestamp":"2025-05-14T02:55:31.541502Z","level":"info","event":"Training R² score: 1.000","chan":"stdout","logger":"task"}
{"timestamp":"2025-05-14T02:55:31.541643Z","level":"info","event":"Testing R² score: 1.000","chan":"stdout","logger":"task"}
{"timestamp":"2025-05-14T02:55:31.541750Z","level":"info","event":"Model saved to data/model.pkl","chan":"stdout","logger":"task"}
{"timestamp":"2025-05-14T02:55:35.519328Z","level":"error","event":"\u001b[31m2025/05/14 02:55:35 WARNING mlflow.models.model: Model logged without a signature and input example. Please set `input_example` parameter when logging the model to auto infer the model signature.\u001b[0m","chan":"stderr","logger":"task"}
{"timestamp":"2025-05-14T02:55:35.576580Z","level":"info","event":"🏃 View run delightful-toad-961 at: http://mlflow:5000/#/experiments/0/runs/e9d9ce8840b34d8f9789a2b1f40a9aab","chan":"stdout","logger":"task"}
{"timestamp":"2025-05-14T02:55:35.576739Z","level":"info","event":"🧪 View experiment at: http://mlflow:5000/#/experiments/0","chan":"stdout","logger":"task"}
{"timestamp":"2025-05-14T02:55:35.587459","level":"info","event":"Done. Returned value was: None","logger":"airflow.task.operators.airflow.providers.standard.operators.python.PythonOperator"}
{"timestamp":"2025-05-14T02:55:35.604352Z","level":"info","event":"Task instance in success state","chan":"stdout","logger":"task"}
{"timestamp":"2025-05-14T02:55:35.604828Z","level":"info","event":" Previous state of the Task instance: TaskInstanceState.RUNNING","chan":"stdout","logger":"task"}
{"timestamp":"2025-05-14T02:55:35.605170Z","level":"info","event":"Task operator:<Task(PythonOperator): train_model>","chan":"stdout","logger":"task"}
