{"timestamp":"2025-05-14T02:54:59.722572","level":"info","event":"DAG bundles loaded: dags-folder, example_dags","logger":"airflow.dag_processing.bundles.manager.DagBundlesManager"}
{"timestamp":"2025-05-14T02:54:59.723038","level":"info","event":"Filling up the DagBag from /opt/airflow/dags/weather_pipeline.py","logger":"airflow.models.dagbag.DagBag"}
{"timestamp":"2025-05-14T02:55:01.508578Z","level":"info","event":"Task instance is in running state","chan":"stdout","logger":"task"}
{"timestamp":"2025-05-14T02:55:01.508996Z","level":"info","event":" Previous state of the Task instance: TaskInstanceState.QUEUED","chan":"stdout","logger":"task"}
{"timestamp":"2025-05-14T02:55:01.509257Z","level":"info","event":"Current task name:train_model","chan":"stdout","logger":"task"}
{"timestamp":"2025-05-14T02:55:01.509423Z","level":"info","event":"Dag name:weather_pipeline","chan":"stdout","logger":"task"}
{"timestamp":"2025-05-14T02:55:01.528103Z","level":"error","event":"2025/05/14 02:55:01 WARNING mlflow.utils.git_utils: Failed to import Git (the Git executable is probably not on your PATH), so Git SHA is not available. Error: Failed to initialize: Bad git executable.","chan":"stderr","logger":"task"}
{"timestamp":"2025-05-14T02:55:01.528391Z","level":"error","event":"The git executable must be specified in one of the following ways:","chan":"stderr","logger":"task"}
{"timestamp":"2025-05-14T02:55:01.528587Z","level":"error","event":"    - be included in your $PATH","chan":"stderr","logger":"task"}
{"timestamp":"2025-05-14T02:55:01.528757Z","level":"error","event":"    - be set via $GIT_PYTHON_GIT_EXECUTABLE","chan":"stderr","logger":"task"}
{"timestamp":"2025-05-14T02:55:01.528891Z","level":"error","event":"    - explicitly set via git.refresh(<full-path-to-git-executable>)","chan":"stderr","logger":"task"}
{"timestamp":"2025-05-14T02:55:01.529049Z","level":"error","event":"","chan":"stderr","logger":"task"}
{"timestamp":"2025-05-14T02:55:01.529190Z","level":"error","event":"All git commands will error until this is rectified.","chan":"stderr","logger":"task"}
{"timestamp":"2025-05-14T02:55:01.529326Z","level":"error","event":"","chan":"stderr","logger":"task"}
{"timestamp":"2025-05-14T02:55:01.529454Z","level":"error","event":"This initial message can be silenced or aggravated in the future by setting the","chan":"stderr","logger":"task"}
{"timestamp":"2025-05-14T02:55:01.529622Z","level":"error","event":"$GIT_PYTHON_REFRESH environment variable. Use one of the following values:","chan":"stderr","logger":"task"}
{"timestamp":"2025-05-14T02:55:01.529767Z","level":"error","event":"    - quiet|q|silence|s|silent|none|n|0: for no message or exception","chan":"stderr","logger":"task"}
{"timestamp":"2025-05-14T02:55:01.529906Z","level":"error","event":"    - warn|w|warning|log|l|1: for a warning message (logging level CRITICAL, displayed by default)","chan":"stderr","logger":"task"}
{"timestamp":"2025-05-14T02:55:01.530044Z","level":"error","event":"    - error|e|exception|raise|r|2: for a raised exception","chan":"stderr","logger":"task"}
{"timestamp":"2025-05-14T02:55:01.530182Z","level":"error","event":"","chan":"stderr","logger":"task"}
{"timestamp":"2025-05-14T02:55:01.530319Z","level":"error","event":"Example:","chan":"stderr","logger":"task"}
{"timestamp":"2025-05-14T02:55:01.530459Z","level":"error","event":"    export GIT_PYTHON_REFRESH=quiet","chan":"stderr","logger":"task"}
{"timestamp":"2025-05-14T02:55:01.530596Z","level":"error","event":"","chan":"stderr","logger":"task"}
{"timestamp":"2025-05-14T02:55:01.638905Z","level":"info","event":"Training R² score: 1.000","chan":"stdout","logger":"task"}
{"timestamp":"2025-05-14T02:55:01.639101Z","level":"info","event":"Testing R² score: 1.000","chan":"stdout","logger":"task"}
{"timestamp":"2025-05-14T02:55:01.639376Z","level":"info","event":"Model saved to data/model.pkl","chan":"stdout","logger":"task"}
{"timestamp":"2025-05-14T02:55:05.820710Z","level":"error","event":"\u001b[31m2025/05/14 02:55:05 WARNING mlflow.models.model: Model logged without a signature and input example. Please set `input_example` parameter when logging the model to auto infer the model signature.\u001b[0m","chan":"stderr","logger":"task"}
{"timestamp":"2025-05-14T02:55:05.866871Z","level":"info","event":"🏃 View run flawless-calf-851 at: http://mlflow:5000/#/experiments/0/runs/3ee925d23fbb4c6ab6bf900c3b9c124a","chan":"stdout","logger":"task"}
{"timestamp":"2025-05-14T02:55:05.867015Z","level":"info","event":"🧪 View experiment at: http://mlflow:5000/#/experiments/0","chan":"stdout","logger":"task"}
{"timestamp":"2025-05-14T02:55:05.899648","level":"info","event":"Done. Returned value was: None","logger":"airflow.task.operators.airflow.providers.standard.operators.python.PythonOperator"}
{"timestamp":"2025-05-14T02:55:05.916015Z","level":"info","event":"Task instance in success state","chan":"stdout","logger":"task"}
{"timestamp":"2025-05-14T02:55:05.916195Z","level":"info","event":" Previous state of the Task instance: TaskInstanceState.RUNNING","chan":"stdout","logger":"task"}
{"timestamp":"2025-05-14T02:55:05.916253Z","level":"info","event":"Task operator:<Task(PythonOperator): train_model>","chan":"stdout","logger":"task"}
